<?xml version="1.0" encoding="UTF-8" ?>
<testsuites name="vitest tests" tests="22" failures="0" errors="0" time="0.034732459">
    <testsuite name="tests/unit/calculations.test.ts" timestamp="2026-06-03T10:25:18.742Z" hostname="Mac.lan" tests="4" failures="0" errors="0" skipped="0" time="0.001466875">
        <testcase classname="tests/unit/calculations.test.ts" name="round (decimal places) &gt; rounds to 2dp by default" time="0.000621458">
        </testcase>
        <testcase classname="tests/unit/calculations.test.ts" name="round (decimal places) &gt; rounds to a given dp" time="0.000074458">
        </testcase>
        <testcase classname="tests/unit/calculations.test.ts" name="masterplan derived totals (smoke) &gt; plot area * sar/m² ≈ construction cost" time="0.000081917">
        </testcase>
        <testcase classname="tests/unit/calculations.test.ts" name="masterplan derived totals (smoke) &gt; contingency at 5% adds the expected amount" time="0.000051291">
        </testcase>
    </testsuite>
    <testsuite name="tests/unit/formatters.test.ts" timestamp="2026-06-03T10:25:18.743Z" hostname="Mac.lan" tests="5" failures="0" errors="0" skipped="0" time="0.016274542">
        <testcase classname="tests/unit/formatters.test.ts" name="formatNumber &gt; formats integers with thousands separators" time="0.014984167">
        </testcase>
        <testcase classname="tests/unit/formatters.test.ts" name="formatNumber &gt; handles zero + small numbers" time="0.000107541">
        </testcase>
        <testcase classname="tests/unit/formatters.test.ts" name="formatNumber &gt; returns a hyphen fallback for null / undefined" time="0.000063">
        </testcase>
        <testcase classname="tests/unit/formatters.test.ts" name="formatDate &gt; formats an ISO date as YYYY-MM-DD" time="0.000513458">
        </testcase>
        <testcase classname="tests/unit/formatters.test.ts" name="formatDate &gt; returns a hyphen fallback for falsy input" time="0.000085458">
        </testcase>
    </testsuite>
    <testsuite name="tests/unit/pulse-formatters.test.ts" timestamp="2026-06-03T10:25:18.743Z" hostname="Mac.lan" tests="13" failures="0" errors="0" skipped="0" time="0.016991042">
        <testcase classname="tests/unit/pulse-formatters.test.ts" name="formatMoney &gt; formats INR in crore / lakh (legacy widget convention)" time="0.000654083">
        </testcase>
        <testcase classname="tests/unit/pulse-formatters.test.ts" name="formatMoney &gt; defaults to INR" time="0.000060958">
        </testcase>
        <testcase classname="tests/unit/pulse-formatters.test.ts" name="formatMoney &gt; formats non-INR currencies on a B/M/K scale" time="0.000072208">
        </testcase>
        <testcase classname="tests/unit/pulse-formatters.test.ts" name="formatMoney &gt; returns an em-dash for non-finite input" time="0.000050542">
        </testcase>
        <testcase classname="tests/unit/pulse-formatters.test.ts" name="formatPercent &gt; rounds to the requested precision" time="0.000064166">
        </testcase>
        <testcase classname="tests/unit/pulse-formatters.test.ts" name="formatPercent &gt; guards non-finite input" time="0.000033959">
        </testcase>
        <testcase classname="tests/unit/pulse-formatters.test.ts" name="pad2 &gt; zero-pads single digits" time="0.000051625">
        </testcase>
        <testcase classname="tests/unit/pulse-formatters.test.ts" name="pad2 &gt; leaves multi-digit values alone" time="0.000043167">
        </testcase>
        <testcase classname="tests/unit/pulse-formatters.test.ts" name="relativeTime &gt; buckets recent times" time="0.000171416">
        </testcase>
        <testcase classname="tests/unit/pulse-formatters.test.ts" name="relativeTime &gt; accepts ISO strings" time="0.000075667">
        </testcase>
        <testcase classname="tests/unit/pulse-formatters.test.ts" name="formatDateRange &gt; joins both ends" time="0.014980333">
        </testcase>
        <testcase classname="tests/unit/pulse-formatters.test.ts" name="formatDateRange &gt; returns a single end when the other is missing" time="0.000125417">
        </testcase>
        <testcase classname="tests/unit/pulse-formatters.test.ts" name="formatDateRange &gt; returns undefined when both are missing" time="0.000036458">
        </testcase>
    </testsuite>
</testsuites>
