<?xml version="1.0" encoding="UTF-8" ?>
<testsuites name="vitest tests" tests="9" failures="0" errors="0" time="0.010811792">
    <testsuite name="tests/unit/calculations.test.ts" timestamp="2026-06-02T12:05:28.708Z" hostname="Mac.lan" tests="4" failures="0" errors="0" skipped="0" time="0.0015035">
        <testcase classname="tests/unit/calculations.test.ts" name="round (decimal places) &gt; rounds to 2dp by default" time="0.000634125">
        </testcase>
        <testcase classname="tests/unit/calculations.test.ts" name="round (decimal places) &gt; rounds to a given dp" time="0.000075833">
        </testcase>
        <testcase classname="tests/unit/calculations.test.ts" name="masterplan derived totals (smoke) &gt; plot area * sar/m² ≈ construction cost" time="0.000058417">
        </testcase>
        <testcase classname="tests/unit/calculations.test.ts" name="masterplan derived totals (smoke) &gt; contingency at 5% adds the expected amount" time="0.000042791">
        </testcase>
    </testsuite>
    <testsuite name="tests/unit/formatters.test.ts" timestamp="2026-06-02T12:05:28.708Z" hostname="Mac.lan" tests="5" failures="0" errors="0" skipped="0" time="0.009308292">
        <testcase classname="tests/unit/formatters.test.ts" name="formatNumber &gt; formats integers with thousands separators" time="0.007831083">
        </testcase>
        <testcase classname="tests/unit/formatters.test.ts" name="formatNumber &gt; handles zero + small numbers" time="0.000100209">
        </testcase>
        <testcase classname="tests/unit/formatters.test.ts" name="formatNumber &gt; returns a hyphen fallback for null / undefined" time="0.000060625">
        </testcase>
        <testcase classname="tests/unit/formatters.test.ts" name="formatDate &gt; formats an ISO date as YYYY-MM-DD" time="0.000665958">
        </testcase>
        <testcase classname="tests/unit/formatters.test.ts" name="formatDate &gt; returns a hyphen fallback for falsy input" time="0.0000765">
        </testcase>
    </testsuite>
</testsuites>
